<?xml version="1.0" encoding="UTF-8"?>
<!-- Generated by org.testng.reporters.JUnitReportReporter -->
<testsuite skipped="0" hostname="PACD-022T01F-DX" name="acn.test.GoogleTest" tests="1" failures="0" timestamp="10 Nov 2017 04:57:59 GMT" time="26.193" errors="0">
  <testcase name="Googletest" time="26.193" classname="acn.test.GoogleTest"/>
</testsuite> <!-- acn.test.GoogleTest -->
