<?xml version="1.0" encoding="UTF-8"?>
<!-- Generated by org.testng.reporters.JUnitReportReporter -->
<testsuite skipped="0" hostname="PACD-022T01F-DX" name="acn.test.TricentisTest" tests="1" failures="0" timestamp="10 Nov 2017 07:58:23 GMT" time="40.005" errors="0">
  <testcase name="tricentistest" time="40.005" classname="acn.test.TricentisTest"/>
</testsuite> <!-- acn.test.TricentisTest -->
